<?xml version="1.0" encoding="UTF-8"?>
<!-- Generated by org.testng.reporters.JUnitReportReporter -->
<testsuite hostname="LAPTOP-E5NCT7NC" failures="0" tests="7" name="com.bank.testcases.TC_AddCustomerTest_003" time="165.361" errors="0" timestamp="2022-04-27T19:26:21 IST" skipped="0">
  <testcase classname="com.bank.testcases.TC_AddCustomerTest_003" name="addNewCustomer" time="23.968"/>
  <system-out/>
  <testcase classname="com.bank.testcases.TC_AddCustomerTest_003" name="addNewCustomer" time="24.521"/>
  <system-out/>
  <testcase classname="com.bank.testcases.TC_AddCustomerTest_003" name="addNewCustomer" time="22.887"/>
  <system-out/>
  <testcase classname="com.bank.testcases.TC_AddCustomerTest_003" name="addNewCustomer" time="24.445"/>
  <system-out/>
  <testcase classname="com.bank.testcases.TC_AddCustomerTest_003" name="addNewCustomer" time="22.737"/>
  <system-out/>
  <testcase classname="com.bank.testcases.TC_AddCustomerTest_003" name="addNewCustomer" time="24.126"/>
  <system-out/>
  <testcase classname="com.bank.testcases.TC_AddCustomerTest_003" name="addNewCustomer" time="22.677"/>
  <system-out/>
</testsuite> <!-- com.bank.testcases.TC_AddCustomerTest_003 -->
