<?xml version="1.0" encoding="UTF-8"?>
<!-- Generated by org.testng.reporters.JUnitReportReporter -->
<testsuite hostname="LAPTOP-E5NCT7NC" failures="0" tests="1" name="com.bank.Testdata.LoginPageTest" time="8.501" errors="0" timestamp="2022-04-25T23:32:16 IST" skipped="0">
  <testcase classname="com.bank.Testdata.LoginPageTest" name="login" time="8.501"/>
  <system-out/>
</testsuite> <!-- com.bank.Testdata.LoginPageTest -->
